<?xml version="1.0" encoding="UTF-8"?>
<testsuite xmlns:xsi="http://www.w3.org/2001/XMLSchema-instance" xsi:noNamespaceSchemaLocation="https://maven.apache.org/surefire/maven-surefire-plugin/xsd/surefire-test-report-3.0.xsd" version="3.0" name="com.gazapps.mcp.MCPManagerTest" time="0.242" tests="5" errors="0" skipped="0" failures="0">
  <properties>
[...]
</properties>
  <testcase name="testServerEntity" classname="com.gazapps.mcp.MCPManagerTest" time="0.177"/>
  <testcase name="testToolEntity" classname="com.gazapps.mcp.MCPManagerTest" time="0.007"/>
  <testcase name="testDomainDefinition" classname="com.gazapps.mcp.MCPManagerTest" time="0.008"/>
  <testcase name="testServerConfigCreation" classname="com.gazapps.mcp.MCPManagerTest" time="0.005"/>
  <testcase name="testToolExecutionResult" classname="com.gazapps.mcp.MCPManagerTest" time="0.004"/>
</testsuite>